<?xml version="1.0" encoding="UTF-8"?>
<!-- Generated by org.testng.reporters.JUnitXMLReporter -->
<testsuite hostname="DESKTOP-42K8DOK" failures="0" tests="3" name="Test" time="191.434" errors="0" timestamp="18 Jan 2021 11:54:01 GMT">
  <testcase classname="Academy.E2E.HomePage" name="HomePageNavigation" time="47.115"/>
  <testcase classname="Academy.E2E.HomePage" name="HomePageNavigation" time="31.467"/>
  <testcase classname="Academy.E2E.ValidateTitle" name="HomePageNavigation" time="88.252"/>
</testsuite> <!-- Test -->
