<?xml version="1.0" encoding="UTF-8"?>
<testng-results total="3" passed="3" failed="0" skipped="0">
  <reporter-output>
  </reporter-output>
  <suite started-at="2021-01-18T11:50:46Z" name="Suite" finished-at="2021-01-18T11:53:58Z" duration-ms="191434">
    <groups>
    </groups>
    <test started-at="2021-01-18T11:50:46Z" name="Test" finished-at="2021-01-18T11:53:58Z" duration-ms="191434">
      <class name="Academy.E2E.HomePage">
        <test-method signature="HomePageNavigation(java.lang.String, java.lang.String)[pri:0, instance:Academy.E2E.HomePage@4961f6af]" started-at="2021-01-18T17:20:46Z" name="HomePageNavigation" data-provider="getData" finished-at="2021-01-18T17:21:33Z" duration-ms="47115" status="PASS">
          <params>
            <param index="0">
              <value>
                <![CDATA[user1@GMAIL.COM]]>
              </value>
            </param>
            <param index="1">
              <value>
                <![CDATA[pw]]>
              </value>
            </param>
          </params>
          <reporter-output>
          </reporter-output>
        </test-method> <!-- HomePageNavigation -->
        <test-method signature="HomePageNavigation(java.lang.String, java.lang.String)[pri:0, instance:Academy.E2E.HomePage@4961f6af]" started-at="2021-01-18T17:21:33Z" name="HomePageNavigation" data-provider="getData" finished-at="2021-01-18T17:22:05Z" duration-ms="31467" status="PASS">
          <params>
            <param index="0">
              <value>
                <![CDATA[User2@GMAIL.COM]]>
              </value>
            </param>
            <param index="1">
              <value>
                <![CDATA[pw2]]>
              </value>
            </param>
          </params>
          <reporter-output>
          </reporter-output>
        </test-method> <!-- HomePageNavigation -->
        <test-method is-config="true" signature="teardown()[pri:0, instance:Academy.E2E.HomePage@4961f6af]" started-at="2021-01-18T17:23:33Z" name="teardown" finished-at="2021-01-18T17:23:48Z" duration-ms="14533" status="PASS">
          <reporter-output>
          </reporter-output>
        </test-method> <!-- teardown -->
        <test-method is-config="true" signature="teardown()[pri:0, instance:Academy.E2E.ValidateTitle@1757cd72]" started-at="2021-01-18T17:23:48Z" name="teardown" finished-at="2021-01-18T17:23:58Z" duration-ms="10044" status="PASS">
          <reporter-output>
          </reporter-output>
        </test-method> <!-- teardown -->
      </class> <!-- Academy.E2E.HomePage -->
      <class name="Academy.E2E.ValidateTitle">
        <test-method signature="HomePageNavigation()[pri:0, instance:Academy.E2E.ValidateTitle@1757cd72]" started-at="2021-01-18T17:22:05Z" name="HomePageNavigation" finished-at="2021-01-18T17:23:33Z" duration-ms="88252" status="PASS">
          <reporter-output>
          </reporter-output>
        </test-method> <!-- HomePageNavigation -->
      </class> <!-- Academy.E2E.ValidateTitle -->
    </test> <!-- Test -->
  </suite> <!-- Suite -->
</testng-results>
